<?xml version="1.0" encoding="UTF-8"?>
<!-- Generated by org.testng.reporters.JUnitReportReporter -->
<testsuite skipped="0" hostname="BillioniressMBP.localdomain" name="JDBCconnection.JDBCDDT" tests="1" failures="0" timestamp="26 Jan 2018 00:20:44 GMT" time="11.565" errors="0">
  <testcase name="test" time="11.565" classname="JDBCconnection.JDBCDDT"/>
</testsuite> <!-- JDBCconnection.JDBCDDT -->
