<?xml version="1.0" encoding="UTF-8"?>
<!-- Generated by org.testng.reporters.JUnitReportReporter -->
<testsuite skipped="2" hostname="LAPTOP-KTKJ9GM1" name="JDBCconnection.JDBCNavigations" tests="4" failures="0" timestamp="16 Sep 2017 02:44:54 GMT" time="0.000" errors="0">
  <testcase name="getRowsCount" time="0.000" classname="JDBCconnection.JDBCNavigations"/>
  <testcase name="printAll" time="0.000" classname="JDBCconnection.JDBCNavigations"/>
  <testcase name="goToSpecificRow" classname="JDBCconnection.JDBCNavigations">
    <skipped/>
  </testcase> <!-- goToSpecificRow -->
  <testcase name="goReverse" classname="JDBCconnection.JDBCNavigations">
    <skipped/>
  </testcase> <!-- goReverse -->
</testsuite> <!-- JDBCconnection.JDBCNavigations -->
