<?xml version="1.0" encoding="UTF-8"?>
<!-- Generated by org.testng.reporters.JUnitReportReporter -->
<testsuite skipped="0" hostname="LAPTOP-KTKJ9GM1" name="JDBCconnection.nav" tests="1" failures="0" timestamp="13 Sep 2017 22:15:31 GMT" time="0.920" errors="0">
  <testcase name="getRowsCount" time="0.920" classname="JDBCconnection.nav"/>
</testsuite> <!-- JDBCconnection.nav -->
